2017-12-05 06:19:49 +0000  Initial pipeline context: <IDEDistributionProcessingPipelineContext: 0x7fe073a3b1f0; archive(resolved)='<IDEArchive: 0x7fe05c1df740>', distributionTask(resolved)='2', distributionMethod(resolved)='<IDEDistributionMethodAdHoc: 0x7fe05ee3ce70>', team(resolved)='<IDEProvisioningBasicTeam 0x7fe0608bbae0: teamID: ZK5FB2XW39, teamName: Deng Shaojian>'>
	Chain (11, self inclusive):
	<IDEDistributionProcessingPipelineContext: 0x7fe073a3b1f0; archive = '<IDEArchive: 0x7fe05c1df740>', distributionMethod='<IDEDistributionMethodAdHoc: 0x7fe05ee3ce70>', team='<IDEProvisioningBasicTeam 0x7fe0608bbae0: teamID: ZK5FB2XW39, teamName: Deng Shaojian>'>
	<IDEDistributionProcessingPipelineContext: 0x7fe063bb5550; archive = '<IDEArchive: 0x7fe05c1df740>', distributionMethod='<IDEDistributionMethodAdHoc: 0x7fe05ee3ce70>', team='<IDEProvisioningBasicTeam 0x7fe0608bbae0: teamID: ZK5FB2XW39, teamName: Deng Shaojian>'>
	<IDEDistributionContext: 0x7fe063c4cdd0; archive = '<IDEArchive: 0x7fe05c1df740>', distributionMethod='<IDEDistributionMethodAdHoc: 0x7fe05ee3ce70>', team='<IDEProvisioningBasicTeam 0x7fe0608bbae0: teamID: ZK5FB2XW39, teamName: Deng Shaojian>'>
	<IDEDistributionContext: 0x7fe073a525c0; archive = '<IDEArchive: 0x7fe05c1df740>', distributionMethod='<IDEDistributionMethodAdHoc: 0x7fe05ee3ce70>', team='<IDEProvisioningBasicTeam 0x7fe0608bbae0: teamID: ZK5FB2XW39, teamName: Deng Shaojian>'>
	<IDEDistributionContext: 0x7fe07122a800; archive = '<IDEArchive: 0x7fe05c1df740>', distributionMethod='<IDEDistributionMethodAdHoc: 0x7fe05ee3ce70>', team='<IDEProvisioningBasicTeam 0x7fe0608bbae0: teamID: ZK5FB2XW39, teamName: Deng Shaojian>'>
	<IDEDistributionContext: 0x7fe063908160; archive = '<IDEArchive: 0x7fe05c1df740>', distributionMethod='<IDEDistributionMethodAdHoc: 0x7fe05ee3ce70>', team='<IDEProvisioningBasicTeam 0x7fe0608bbae0: teamID: ZK5FB2XW39, teamName: Deng Shaojian>'>
	<IDEDistributionContext: 0x7fe05ad29990; archive = '<IDEArchive: 0x7fe05c1df740>', distributionMethod='<IDEDistributionMethodAdHoc: 0x7fe05ee3ce70>', team='<IDEProvisioningBasicTeam 0x7fe0608bbae0: teamID: ZK5FB2XW39, teamName: Deng Shaojian>'>
	<IDEDistributionContext: 0x7fe05f1e6e70; archive = '<IDEArchive: 0x7fe05c1df740>', distributionMethod='<IDEDistributionMethodAdHoc: 0x7fe05ee3ce70>', team='<IDEProvisioningBasicTeam 0x7fe0608bbae0: teamID: ZK5FB2XW39, teamName: Deng Shaojian>'>
	<IDEDistributionContext: 0x7fe07a749cd0; archive = '<IDEArchive: 0x7fe05c1df740>', distributionMethod='<IDEDistributionMethodAdHoc: 0x7fe05ee3ce70>', team='<IDEProvisioningBasicTeam 0x7fe0608bbae0: teamID: ZK5FB2XW39, teamName: Deng Shaojian>'>
	<IDEDistributionContext: 0x7fe063901a20; archive = '<IDEArchive: 0x7fe05c1df740>', distributionMethod='<IDEDistributionMethodAdHoc: 0x7fe05ee3ce70>', team='(null)'>
	<IDEDistributionContext: 0x7fe061a15390; archive = '<IDEArchive: 0x7fe05c1df740>', distributionMethod='(null)', team='(null)'>
</IDEDistributionProcessingPipelineContext: 0x7fe073a3b1f0>
2017-12-05 06:19:49 +0000  Processing step: IDEDistributionCreateDestRootStep
2017-12-05 06:19:49 +0000  Processing step: IDEDistributionCopyItemStep
2017-12-05 06:19:49 +0000  Running /usr/bin/ditto '-V' '/Users/lijianhou/Library/Developer/Xcode/Archives/2017-12-05/HYC 2017-12-5 下午2.18.xcarchive/Products/Applications/HYC.app' '/var/folders/j_/8zybwlb53nd143nsb2l4whwc0000gn/T/XcodeDistPipeline.zuu/Root/Payload/HYC.app'
2017-12-05 06:19:49 +0000  >>> Copying /Users/lijianhou/Library/Developer/Xcode/Archives/2017-12-05/HYC 2017-12-5 下午2.18.xcarchive/Products/Applications/HYC.app 
2017-12-05 06:19:49 +0000  copying file ./Brand Assets-800-Portrait-736h@3x.png ... 
2017-12-05 06:19:49 +0000  1011343 bytes for ./Brand Assets-800-Portrait-736h@3x.png
copying file ./Brand Assets-700@2x.png ... 
2017-12-05 06:19:49 +0000  261937 bytes for ./Brand Assets-700@2x.png
2017-12-05 06:19:49 +0000  copying file ./_CodeSignature/CodeResources ... 
2017-12-05 06:19:49 +0000  69563 bytes for ./_CodeSignature/CodeResources
2017-12-05 06:19:49 +0000  copying file ./mapapi.bundle/images/icon_paopao_middle_right.png ... 
2017-12-05 06:19:49 +0000  3411 bytes for ./mapapi.bundle/images/icon_paopao_middle_right.png
2017-12-05 06:19:49 +0000  copying file ./mapapi.bundle/images/icon_nav_bus@2x.png ... 
2017-12-05 06:19:49 +0000  1394 bytes for ./mapapi.bundle/images/icon_nav_bus@2x.png
2017-12-05 06:19:49 +0000  copying file ./mapapi.bundle/images/icon_nav_start@2x.png ... 
2017-12-05 06:19:49 +0000  7712 bytes for ./mapapi.bundle/images/icon_nav_start@2x.png
copying file ./mapapi.bundle/images/icon_paopao_middle_right_highlighted.png ... 
2017-12-05 06:19:49 +0000  3386 bytes for ./mapapi.bundle/images/icon_paopao_middle_right_highlighted.png
2017-12-05 06:19:49 +0000  copying file ./mapapi.bundle/images/baidumap_logo.png ... 
2017-12-05 06:19:49 +0000  4387 bytes for ./mapapi.bundle/images/baidumap_logo.png
copying file ./mapapi.bundle/images/icon_action_paopao_middle_left_highlighted.png ... 
2017-12-05 06:19:49 +0000  3059 bytes for ./mapapi.bundle/images/icon_action_paopao_middle_left_highlighted.png
copying file ./mapapi.bundle/images/pin_red.png ... 
2017-12-05 06:19:49 +0000  3865 bytes for ./mapapi.bundle/images/pin_red.png
2017-12-05 06:19:49 +0000  copying file ./mapapi.bundle/images/icon_nav_waypoint.png ... 
2017-12-05 06:19:49 +0000  4693 bytes for ./mapapi.bundle/images/icon_nav_waypoint.png
copying file ./mapapi.bundle/images/icon_nav_rail@2x.png ... 
2017-12-05 06:19:49 +0000  1555 bytes for ./mapapi.bundle/images/icon_nav_rail@2x.png
copying file ./mapapi.bundle/images/icon_nav_rail.png ... 
2017-12-05 06:19:49 +0000  1950 bytes for ./mapapi.bundle/images/icon_nav_rail.png
2017-12-05 06:19:49 +0000  copying file ./mapapi.bundle/images/icon_nav_end@2x.png ... 
2017-12-05 06:19:49 +0000  7991 bytes for ./mapapi.bundle/images/icon_nav_end@2x.png
copying file ./mapapi.bundle/images/pin_purple@2x.png ... 
2017-12-05 06:19:49 +0000  5716 bytes for ./mapapi.bundle/images/pin_purple@2x.png
copying file ./mapapi.bundle/images/icon_nav_end.png ... 
2017-12-05 06:19:49 +0000  4793 bytes for ./mapapi.bundle/images/icon_nav_end.png
2017-12-05 06:19:49 +0000  copying file ./mapapi.bundle/images/icon_cellphone@2x.png ... 
2017-12-05 06:19:49 +0000  4674 bytes for ./mapapi.bundle/images/icon_cellphone@2x.png
copying file ./mapapi.bundle/images/icon_action_paopao_middle_right_highlighted.png ... 
2017-12-05 06:19:49 +0000  3045 bytes for ./mapapi.bundle/images/icon_action_paopao_middle_right_highlighted.png
copying file ./mapapi.bundle/images/icon_paopao_middle_left@2x.png ... 
2017-12-05 06:19:49 +0000  4308 bytes for ./mapapi.bundle/images/icon_paopao_middle_left@2x.png
copying file ./mapapi.bundle/images/icon_action_paopao_middle_left_highlighted@2x.png ... 
2017-12-05 06:19:49 +0000  3421 bytes for ./mapapi.bundle/images/icon_action_paopao_middle_left_highlighted@2x.png
copying file ./mapapi.bundle/images/icon_paopao_middle_left_highlighted.png ... 
2017-12-05 06:19:49 +0000  3452 bytes for ./mapapi.bundle/images/icon_paopao_middle_left_highlighted.png
copying file ./mapapi.bundle/images/icon_action_paopao_middle_right.png ... 
2017-12-05 06:19:49 +0000  3049 bytes for ./mapapi.bundle/images/icon_action_paopao_middle_right.png
2017-12-05 06:19:49 +0000  copying file ./mapapi.bundle/images/icon_line_nofocus.png ... 
2017-12-05 06:19:49 +0000  112 bytes for ./mapapi.bundle/images/icon_line_nofocus.png
copying file ./mapapi.bundle/images/direction_wheel@2x.png ... 
2017-12-05 06:19:49 +0000  9255 bytes for ./mapapi.bundle/images/direction_wheel@2x.png
copying file ./mapapi.bundle/images/pin_purple.png ... 
2017-12-05 06:19:49 +0000  3909 bytes for ./mapapi.bundle/images/pin_purple.png
copying file ./mapapi.bundle/images/icon_center_point@2x.png ... 
2470 bytes for ./mapapi.bundle/images/icon_center_point@2x.png
copying file ./mapapi.bundle/images/icon_nav_start.png ... 
2017-12-05 06:19:49 +0000  4760 bytes for ./mapapi.bundle/images/icon_nav_start.png
copying file ./mapapi.bundle/images/icon_direction.png ... 
2017-12-05 06:19:49 +0000  3334 bytes for ./mapapi.bundle/images/icon_direction.png
2017-12-05 06:19:49 +0000  copying file ./mapapi.bundle/images/icon_action_paopao_middle_left@2x.png ... 
2017-12-05 06:19:49 +0000  3406 bytes for ./mapapi.bundle/images/icon_action_paopao_middle_left@2x.png
copying file ./mapapi.bundle/images/icon_paopao_middle_left.png ... 
2017-12-05 06:19:49 +0000  3397 bytes for ./mapapi.bundle/images/icon_paopao_middle_left.png
copying file ./mapapi.bundle/images/icon_compass.png ... 
2017-12-05 06:19:49 +0000  3807 bytes for ./mapapi.bundle/images/icon_compass.png
copying file ./mapapi.bundle/images/icon_paopao_middle_right@2x.png ... 
2017-12-05 06:19:49 +0000  4202 bytes for ./mapapi.bundle/images/icon_paopao_middle_right@2x.png
copying file ./mapapi.bundle/images/direction_wheel.png ... 
2017-12-05 06:19:49 +0000  3839 bytes for ./mapapi.bundle/images/direction_wheel.png
copying file ./mapapi.bundle/images/icon_paopao_middle_right_highlighted@2x.png ... 
2017-12-05 06:19:49 +0000  4185 bytes for ./mapapi.bundle/images/icon_paopao_middle_right_highlighted@2x.png
2017-12-05 06:19:49 +0000  copying file ./mapapi.bundle/images/icon_center_point.png ... 
2017-12-05 06:19:49 +0000  1168 bytes for ./mapapi.bundle/images/icon_center_point.png
copying file ./mapapi.bundle/images/lineDashTexture.png ... 
2017-12-05 06:19:49 +0000  194 bytes for ./mapapi.bundle/images/lineDashTexture.png
2017-12-05 06:19:49 +0000  copying file ./mapapi.bundle/images/icon_paopao_middle_left_highlighted@2x.png ... 
2017-12-05 06:19:49 +0000  4291 bytes for ./mapapi.bundle/images/icon_paopao_middle_left_highlighted@2x.png
copying file ./mapapi.bundle/images/icon_action_paopao_middle_right_highlighted@2x.png ... 
2017-12-05 06:19:49 +0000  3328 bytes for ./mapapi.bundle/images/icon_action_paopao_middle_right_highlighted@2x.png
copying file ./mapapi.bundle/images/bnavi_icon_location_fixed.png ... 
2017-12-05 06:19:49 +0000  601 bytes for ./mapapi.bundle/images/bnavi_icon_location_fixed.png
2017-12-05 06:19:49 +0000  copying file ./mapapi.bundle/images/icon_cellphone.png ... 
2017-12-05 06:19:49 +0000  2703 bytes for ./mapapi.bundle/images/icon_cellphone.png
copying file ./mapapi.bundle/images/icon_cellphone2.png ... 
2017-12-05 06:19:49 +0000  3712 bytes for ./mapapi.bundle/images/icon_cellphone2.png
copying file ./mapapi.bundle/images/baidumap_logo@2x.png ... 
2017-12-05 06:19:49 +0000  5920 bytes for ./mapapi.bundle/images/baidumap_logo@2x.png
2017-12-05 06:19:49 +0000  copying file ./mapapi.bundle/images/icon_compass_background@2x.png ... 
2017-12-05 06:19:49 +0000  5464 bytes for ./mapapi.bundle/images/icon_compass_background@2x.png
copying file ./mapapi.bundle/images/icon_compass_background.png ... 
2017-12-05 06:19:49 +0000  4797 bytes for ./mapapi.bundle/images/icon_compass_background.png
copying file ./mapapi.bundle/images/icon_cellphone2@2x.png ... 
2017-12-05 06:19:49 +0000  7717 bytes for ./mapapi.bundle/images/icon_cellphone2@2x.png
2017-12-05 06:19:49 +0000  copying file ./mapapi.bundle/images/pin_green@2x.png ... 
2017-12-05 06:19:49 +0000  5685 bytes for ./mapapi.bundle/images/pin_green@2x.png
copying file ./mapapi.bundle/images/bnavi_icon_location_fixed@2x.png ... 
2017-12-05 06:19:49 +0000  1458 bytes for ./mapapi.bundle/images/bnavi_icon_location_fixed@2x.png
2017-12-05 06:19:49 +0000  copying file ./mapapi.bundle/images/icon_nav_waypoint@2x.png ... 
2017-12-05 06:19:49 +0000  5068 bytes for ./mapapi.bundle/images/icon_nav_waypoint@2x.png
2017-12-05 06:19:49 +0000  copying file ./mapapi.bundle/images/line_texture.png ... 
2017-12-05 06:19:49 +0000  2830 bytes for ./mapapi.bundle/images/line_texture.png
copying file ./mapapi.bundle/images/pin_green.png ... 
2017-12-05 06:19:49 +0000  3896 bytes for ./mapapi.bundle/images/pin_green.png
copying file ./mapapi.bundle/images/icon_nav_bus.png ... 
2017-12-05 06:19:49 +0000  1818 bytes for ./mapapi.bundle/images/icon_nav_bus.png
copying file ./mapapi.bundle/images/icon_direction@2x.png ... 
2017-12-05 06:19:49 +0000  3496 bytes for ./mapapi.bundle/images/icon_direction@2x.png
copying file ./mapapi.bundle/images/icon_compass@2x.png ... 
2017-12-05 06:19:49 +0000  2972 bytes for ./mapapi.bundle/images/icon_compass@2x.png
2017-12-05 06:19:49 +0000  copying file ./mapapi.bundle/images/icon_action_paopao_middle_left.png ... 
2017-12-05 06:19:49 +0000  3065 bytes for ./mapapi.bundle/images/icon_action_paopao_middle_left.png
copying file ./mapapi.bundle/images/icon_action_paopao_middle_right@2x.png ... 
2017-12-05 06:19:49 +0000  3323 bytes for ./mapapi.bundle/images/icon_action_paopao_middle_right@2x.png
copying file ./mapapi.bundle/images/pin_red@2x.png ... 
2017-12-05 06:19:49 +0000  5533 bytes for ./mapapi.bundle/images/pin_red@2x.png
2017-12-05 06:19:49 +0000  copying file ./mapapi.bundle/files/DVVersion.cfg ... 
2017-12-05 06:19:49 +0000  341 bytes for ./mapapi.bundle/files/DVVersion.cfg
copying file ./mapapi.bundle/files/ResPack.rs ... 
2017-12-05 06:19:49 +0000  556818 bytes for ./mapapi.bundle/files/ResPack.rs
copying file ./mapapi.bundle/files/DVSDirectory_Retina.cfg ... 
2017-12-05 06:19:49 +0000  5491 bytes for ./mapapi.bundle/files/DVSDirectory_Retina.cfg
2017-12-05 06:19:49 +0000  copying file ./mapapi.bundle/files/DVHotMap_Retina.cfg ... 
11174 bytes for ./mapapi.bundle/files/DVHotMap_Retina.cfg
2017-12-05 06:19:49 +0000  copying file ./mapapi.bundle/files/DVHotcity.cfg ... 
1808 bytes for ./mapapi.bundle/files/DVHotcity.cfg
copying file ./mapapi.bundle/files/DVDirectory.cfg ... 
2017-12-05 06:19:49 +0000  69911 bytes for ./mapapi.bundle/files/DVDirectory.cfg
2017-12-05 06:19:49 +0000  copying file ./mapapi.bundle/files/DVHotMap.cfg ... 
2017-12-05 06:19:49 +0000  11174 bytes for ./mapapi.bundle/files/DVHotMap.cfg
2017-12-05 06:19:49 +0000  copying file ./mapapi.bundle/files/channel ... 
2017-12-05 06:19:49 +0000  5 bytes for ./mapapi.bundle/files/channel
copying file ./mapapi.bundle/files/trafficstyle.sty ... 
2017-12-05 06:19:49 +0000  14391 bytes for ./mapapi.bundle/files/trafficstyle.sty
copying file ./mapapi.bundle/files/DVSDirectory.cfg ... 
2017-12-05 06:19:49 +0000  5491 bytes for ./mapapi.bundle/files/DVSDirectory.cfg
copying file ./mapapi.bundle/files/satellitestyle.sty ... 
2017-12-05 06:19:49 +0000  374094 bytes for ./mapapi.bundle/files/satellitestyle.sty
copying file ./mapapi.bundle/files/Beijing, China.gpx ... 
2017-12-05 06:19:49 +0000  166 bytes for ./mapapi.bundle/files/Beijing, China.gpx
2017-12-05 06:19:49 +0000  copying file ./mapapi.bundle/files/DVHotcity_Retina.cfg ... 
1808 bytes for ./mapapi.bundle/files/DVHotcity_Retina.cfg
copying file ./mapapi.bundle/files/mapstyle.sty ... 
2017-12-05 06:19:49 +0000  632032 bytes for ./mapapi.bundle/files/mapstyle.sty
copying file ./mapapi.bundle/files/DVDirectory_Retina.cfg ... 
2017-12-05 06:19:49 +0000  69911 bytes for ./mapapi.bundle/files/DVDirectory_Retina.cfg
2017-12-05 06:19:49 +0000  copying file ./mapapi.bundle/files/indoor/baseindoormap.sty ... 
2017-12-05 06:19:49 +0000  47979 bytes for ./mapapi.bundle/files/indoor/baseindoormap.sty
2017-12-05 06:19:49 +0000  copying file ./mapapi.bundle/files/indoor/IndoorResPack.rs ... 
2017-12-05 06:19:49 +0000  262891 bytes for ./mapapi.bundle/files/indoor/IndoorResPack.rs
copying file ./mapapi.bundle/files/indoor/DVIndoor.cfg ... 
2017-12-05 06:19:49 +0000  11071 bytes for ./mapapi.bundle/files/indoor/DVIndoor.cfg
copying file ./mapapi.bundle/files/DVVersion_Retina.cfg ... 
2017-12-05 06:19:49 +0000  349 bytes for ./mapapi.bundle/files/DVVersion_Retina.cfg
2017-12-05 06:19:49 +0000  copying file ./mapapi.bundle/files/CustomIndex ... 
2017-12-05 06:19:49 +0000  3862 bytes for ./mapapi.bundle/files/CustomIndex
copying file ./NewChangeCarOneCell.nib ... 
2017-12-05 06:19:49 +0000  2312 bytes for ./NewChangeCarOneCell.nib
2017-12-05 06:19:49 +0000  copying file ./ZLCollectionCell.nib ... 
2017-12-05 06:19:49 +0000  3112 bytes for ./ZLCollectionCell.nib
copying file ./InfoOneCell.nib ... 
2017-12-05 06:19:49 +0000  3803 bytes for ./InfoOneCell.nib
2017-12-05 06:19:49 +0000  copying file ./CarSizeViewCell.nib ... 
2017-12-05 06:19:49 +0000  2923 bytes for ./CarSizeViewCell.nib
copying file ./btn_unselected@3x.png ... 
2017-12-05 06:19:49 +0000  4456 bytes for ./btn_unselected@3x.png
2017-12-05 06:19:49 +0000  copying file ./CarDetailListCell.nib ... 
2017-12-05 06:19:49 +0000  4335 bytes for ./CarDetailListCell.nib
copying file ./navBackBtn@2x.png ... 
2017-12-05 06:19:49 +0000  120 bytes for ./navBackBtn@2x.png
2017-12-05 06:19:49 +0000  copying file ./AppIcon20x20@2x.png ... 
2017-12-05 06:19:49 +0000  1308 bytes for ./AppIcon20x20@2x.png
copying file ./NewCarStyleCell.nib ... 
2017-12-05 06:19:49 +0000  3499 bytes for ./NewCarStyleCell.nib
copying file ./defaultphoto.png ... 
2017-12-05 06:19:49 +0000  2596 bytes for ./defaultphoto.png
2017-12-05 06:19:49 +0000  copying file ./AlipaySDK.bundle/shutdown@2x.png ... 
2017-12-05 06:19:49 +0000  222 bytes for ./AlipaySDK.bundle/shutdown@2x.png
2017-12-05 06:19:49 +0000  copying file ./AlipaySDK.bundle/refresh@2x.png ... 
2017-12-05 06:19:49 +0000  605 bytes for ./AlipaySDK.bundle/refresh@2x.png
copying file ./AlipaySDK.bundle/refresh_click@2x.png ... 
2017-12-05 06:19:49 +0000  1824 bytes for ./AlipaySDK.bundle/refresh_click@2x.png
copying file ./AlipaySDK.bundle/shutdown_click@2x.png ... 
2017-12-05 06:19:49 +0000  1319 bytes for ./AlipaySDK.bundle/shutdown_click@2x.png
copying file ./AlipaySDK.bundle/bar@2x.png ... 
2017-12-05 06:19:49 +0000  1011 bytes for ./AlipaySDK.bundle/bar@2x.png
2017-12-05 06:19:49 +0000  copying file ./ZLPhotoBrowser.bundle/btn_unselected@3x.png ... 
2017-12-05 06:19:49 +0000  4884 bytes for ./ZLPhotoBrowser.bundle/btn_unselected@3x.png
2017-12-05 06:19:49 +0000  copying file ./ZLPhotoBrowser.bundle/navBackBtn@2x.png ... 
2017-12-05 06:19:49 +0000  116 bytes for ./ZLPhotoBrowser.bundle/navBackBtn@2x.png
copying file ./ZLPhotoBrowser.bundle/defaultphoto.png ... 
2017-12-05 06:19:49 +0000  2474 bytes for ./ZLPhotoBrowser.bundle/defaultphoto.png
copying file ./ZLPhotoBrowser.bundle/btn_selected.png ... 
2017-12-05 06:19:49 +0000  3296 bytes for ./ZLPhotoBrowser.bundle/btn_selected.png
copying file ./ZLPhotoBrowser.bundle/btn_unselected@2x.png ... 
2017-12-05 06:19:49 +0000  4084 bytes for ./ZLPhotoBrowser.bundle/btn_unselected@2x.png
copying file ./ZLPhotoBrowser.bundle/lock.png ... 
2017-12-05 06:19:49 +0000  22135 bytes for ./ZLPhotoBrowser.bundle/lock.png
copying file ./ZLPhotoBrowser.bundle/btn_original_circle.png ... 
2017-12-05 06:19:49 +0000  1037 bytes for ./ZLPhotoBrowser.bundle/btn_original_circle.png
copying file ./ZLPhotoBrowser.bundle/btn_original_circle@3x.png ... 
2017-12-05 06:19:49 +0000  2668 bytes for ./ZLPhotoBrowser.bundle/btn_original_circle@3x.png
2017-12-05 06:19:49 +0000  copying file ./ZLPhotoBrowser.bundle/btn_circle@2x.png ... 
2017-12-05 06:19:49 +0000  1540 bytes for ./ZLPhotoBrowser.bundle/btn_circle@2x.png
2017-12-05 06:19:49 +0000  copying file ./ZLPhotoBrowser.bundle/btn_circle@3x.png ... 
2017-12-05 06:19:49 +0000  3814 bytes for ./ZLPhotoBrowser.bundle/btn_circle@3x.png
copying file ./ZLPhotoBrowser.bundle/btn_original_circle@2x.png ... 
2017-12-05 06:19:49 +0000  1885 bytes for ./ZLPhotoBrowser.bundle/btn_original_circle@2x.png
copying file ./ZLPhotoBrowser.bundle/btn_unselected.png ... 
2017-12-05 06:19:49 +0000  3313 bytes for ./ZLPhotoBrowser.bundle/btn_unselected.png
2017-12-05 06:19:49 +0000  copying file ./ZLPhotoBrowser.bundle/btn_selected@3x.png ... 
4615 bytes for ./ZLPhotoBrowser.bundle/btn_selected@3x.png
copying file ./ZLPhotoBrowser.bundle/btn_selected@2x.png ... 
2017-12-05 06:19:49 +0000  4042 bytes for ./ZLPhotoBrowser.bundle/btn_selected@2x.png
2017-12-05 06:19:49 +0000  copying file ./MyInfoViewController.nib ... 
2017-12-05 06:19:49 +0000  12666 bytes for ./MyInfoViewController.nib
2017-12-05 06:19:49 +0000  copying file ./OrderCell.nib ... 
2017-12-05 06:19:49 +0000  3662 bytes for ./OrderCell.nib
copying file ./MeOneCell.nib ... 
2017-12-05 06:19:49 +0000  8028 bytes for ./MeOneCell.nib
2017-12-05 06:19:49 +0000  copying file ./YuYueCell.nib ... 
2017-12-05 06:19:49 +0000  7467 bytes for ./YuYueCell.nib
copying file ./btn_selected.png ... 
2017-12-05 06:19:49 +0000  3212 bytes for ./btn_selected.png
2017-12-05 06:19:49 +0000  copying file ./NewCarStyleController.nib ... 
2017-12-05 06:19:49 +0000  974 bytes for ./NewCarStyleController.nib
copying file ./ShopDetailTwoCell.nib ... 
2017-12-05 06:19:49 +0000  5078 bytes for ./ShopDetailTwoCell.nib
2017-12-05 06:19:49 +0000  copying file ./Pingpp.bundle/zh-Hans.lproj/Localizable.strings ... 
2017-12-05 06:19:49 +0000  1329 bytes for ./Pingpp.bundle/zh-Hans.lproj/Localizable.strings
copying file ./Pingpp.bundle/en.lproj/Localizable.strings ... 
2017-12-05 06:19:49 +0000  42 bytes for ./Pingpp.bundle/en.lproj/Localizable.strings
2017-12-05 06:19:49 +0000  copying file ./Pingpp.bundle/PingppTestPaymentSummaryViewController.nib ... 
2017-12-05 06:19:49 +0000  3873 bytes for ./Pingpp.bundle/PingppTestPaymentSummaryViewController.nib
copying file ./Pingpp.bundle/Info.plist ... 
2017-12-05 06:19:49 +0000  854 bytes for ./Pingpp.bundle/Info.plist
2017-12-05 06:19:49 +0000  copying file ./AppIcon20x20@3x.png ... 
2017-12-05 06:19:49 +0000  1731 bytes for ./AppIcon20x20@3x.png
copying file ./MyShopCell.nib ... 
2017-12-05 06:19:49 +0000  4317 bytes for ./MyShopCell.nib
2017-12-05 06:19:49 +0000  copying file ./btn_unselected@2x.png ... 
2017-12-05 06:19:49 +0000  3928 bytes for ./btn_unselected@2x.png
copying file ./ZhifuTwoCell.nib ... 
2017-12-05 06:19:49 +0000  4762 bytes for ./ZhifuTwoCell.nib
copying file ./MJRefresh.bundle/arrow@2x.png ... 
2017-12-05 06:19:49 +0000  1033 bytes for ./MJRefresh.bundle/arrow@2x.png
2017-12-05 06:19:49 +0000  copying file ./Brand Assets-800-667h@2x.png ... 
2017-12-05 06:19:49 +0000  413107 bytes for ./Brand Assets-800-667h@2x.png
2017-12-05 06:19:49 +0000  copying file ./lock.png ... 
2017-12-05 06:19:49 +0000  24893 bytes for ./lock.png
copying file ./ZhifuController.nib ... 
2017-12-05 06:19:49 +0000  8551 bytes for ./ZhifuController.nib
2017-12-05 06:19:49 +0000  copying file ./NewChangeCarController.nib ... 
2017-12-05 06:19:49 +0000  2118 bytes for ./NewChangeCarController.nib
copying file ./ZLPhotoBrowserCell.nib ... 
5889 bytes for ./ZLPhotoBrowserCell.nib
2017-12-05 06:19:49 +0000  copying file ./AppIcon60x60@2x.png ... 
2017-12-05 06:19:49 +0000  3664 bytes for ./AppIcon60x60@2x.png
copying file ./CarDetailCell.nib ... 
2017-12-05 06:19:49 +0000  1168 bytes for ./CarDetailCell.nib
copying file ./NewCarDetailController.nib ... 
2017-12-05 06:19:49 +0000  3532 bytes for ./NewCarDetailController.nib
2017-12-05 06:19:49 +0000  copying file ./MJPhotoBrowser.bundle/save_icon_highlighted.png ... 
2017-12-05 06:19:49 +0000  1744 bytes for ./MJPhotoBrowser.bundle/save_icon_highlighted.png
copying file ./MJPhotoBrowser.bundle/save_icon@2x.png ... 
2017-12-05 06:19:49 +0000  2247 bytes for ./MJPhotoBrowser.bundle/save_icon@2x.png
copying file ./MJPhotoBrowser.bundle/save_icon.png ... 
2017-12-05 06:19:49 +0000  1727 bytes for ./MJPhotoBrowser.bundle/save_icon.png
2017-12-05 06:19:49 +0000  copying file ./MJPhotoBrowser.bundle/save_icon_highlighted@2x.png ... 
2262 bytes for ./MJPhotoBrowser.bundle/save_icon_highlighted@2x.png
2017-12-05 06:19:49 +0000  copying file ./ZLPhotoActionSheet.nib ... 
2017-12-05 06:19:49 +0000  5877 bytes for ./ZLPhotoActionSheet.nib
copying file ./FindShopController.nib ... 
2017-12-05 06:19:49 +0000  4180 bytes for ./FindShopController.nib
2017-12-05 06:19:49 +0000  copying file ./OrderViewController.nib ... 
2017-12-05 06:19:49 +0000  974 bytes for ./OrderViewController.nib
copying file ./HomeThreeCell.nib ... 
2017-12-05 06:19:49 +0000  3498 bytes for ./HomeThreeCell.nib
copying file ./AppIcon40x40@3x.png ... 
2017-12-05 06:19:49 +0000  3664 bytes for ./AppIcon40x40@3x.png
2017-12-05 06:19:49 +0000  copying file ./NewChangeNomalCell.nib ... 
2017-12-05 06:19:49 +0000  3028 bytes for ./NewChangeNomalCell.nib
copying file ./ChongOneCell.nib ... 
2017-12-05 06:19:49 +0000  6494 bytes for ./ChongOneCell.nib
copying file ./carTwoCell.nib ... 
2017-12-05 06:19:49 +0000  3787 bytes for ./carTwoCell.nib
copying file ./HYC ... 
2017-12-05 06:19:49 +0000  10111632 bytes for ./HYC
copying file ./AppIcon40x40@2x.png ... 
2017-12-05 06:19:49 +0000  2639 bytes for ./AppIcon40x40@2x.png
copying file ./ZLThumbnailViewController.nib ... 
6040 bytes for ./ZLThumbnailViewController.nib
copying file ./ChongController.nib ... 
974 bytes for ./ChongController.nib
copying file ./ZLNoAuthorityViewController.nib ... 
2017-12-05 06:19:49 +0000  3655 bytes for ./ZLNoAuthorityViewController.nib
copying file ./btn_original_circle.png ... 
2017-12-05 06:19:49 +0000  634 bytes for ./btn_original_circle.png
copying file ./AppIcon60x60@3x.png ... 
2017-12-05 06:19:49 +0000  5433 bytes for ./AppIcon60x60@3x.png
2017-12-05 06:19:49 +0000  copying file ./SafeOneCell.nib ... 
2017-12-05 06:19:49 +0000  9018 bytes for ./SafeOneCell.nib
2017-12-05 06:19:49 +0000  copying file ./Base.lproj/Main.storyboardc/MeController.nib ... 
2017-12-05 06:19:49 +0000  1069 bytes for ./Base.lproj/Main.storyboardc/MeController.nib
2017-12-05 06:19:49 +0000  copying file ./Base.lproj/Main.storyboardc/TabbarController.nib ... 
2017-12-05 06:19:49 +0000  4568 bytes for ./Base.lproj/Main.storyboardc/TabbarController.nib
copying file ./Base.lproj/Main.storyboardc/DoorController.nib ... 
2017-12-05 06:19:49 +0000  1071 bytes for ./Base.lproj/Main.storyboardc/DoorController.nib
copying file ./Base.lproj/Main.storyboardc/HomeViewController.nib ... 
2017-12-05 06:19:49 +0000  807 bytes for ./Base.lproj/Main.storyboardc/HomeViewController.nib
2017-12-05 06:19:49 +0000  copying file ./Base.lproj/Main.storyboardc/sze-Af-rFK-view-7yw-gY-7Dn.nib ... 
2017-12-05 06:19:49 +0000  2835 bytes for ./Base.lproj/Main.storyboardc/sze-Af-rFK-view-7yw-gY-7Dn.nib
copying file ./Base.lproj/Main.storyboardc/FindController.nib ... 
2017-12-05 06:19:49 +0000  1071 bytes for ./Base.lproj/Main.storyboardc/FindController.nib
2017-12-05 06:19:49 +0000  copying file ./Base.lproj/Main.storyboardc/hIe-cc-4pv-view-QxA-8G-OAU.nib ... 
2017-12-05 06:19:49 +0000  5502 bytes for ./Base.lproj/Main.storyboardc/hIe-cc-4pv-view-QxA-8G-OAU.nib
copying file ./Base.lproj/Main.storyboardc/Info.plist ... 
2017-12-05 06:19:49 +0000  562 bytes for ./Base.lproj/Main.storyboardc/Info.plist
copying file ./Base.lproj/Main.storyboardc/Vfm-Jl-fOF-view-QOn-oh-Fxo.nib ... 
2017-12-05 06:19:49 +0000  2789 bytes for ./Base.lproj/Main.storyboardc/Vfm-Jl-fOF-view-QOn-oh-Fxo.nib
2017-12-05 06:19:49 +0000  copying file ./Base.lproj/LaunchScreen.storyboardc/01J-lp-oVM-view-Ze5-6b-2t3.nib ... 
2017-12-05 06:19:49 +0000  1791 bytes for ./Base.lproj/LaunchScreen.storyboardc/01J-lp-oVM-view-Ze5-6b-2t3.nib
copying file ./Base.lproj/LaunchScreen.storyboardc/UIViewController-01J-lp-oVM.nib ... 
2017-12-05 06:19:49 +0000  832 bytes for ./Base.lproj/LaunchScreen.storyboardc/UIViewController-01J-lp-oVM.nib
2017-12-05 06:19:49 +0000  copying file ./Base.lproj/LaunchScreen.storyboardc/Info.plist ... 
2017-12-05 06:19:49 +0000  258 bytes for ./Base.lproj/LaunchScreen.storyboardc/Info.plist
copying file ./LoginController.nib ... 
2017-12-05 06:19:49 +0000  6405 bytes for ./LoginController.nib
2017-12-05 06:19:49 +0000  copying file ./CarDetailHeadCell.nib ... 
2017-12-05 06:19:49 +0000  1861 bytes for ./CarDetailHeadCell.nib
copying file ./NewChangeHeadCell.nib ... 
2017-12-05 06:19:49 +0000  3470 bytes for ./NewChangeHeadCell.nib
2017-12-05 06:19:49 +0000  copying file ./HomeoneCell.nib ... 
2017-12-05 06:19:49 +0000  17880 bytes for ./HomeoneCell.nib
copying file ./InvitedCell.nib ... 
2017-12-05 06:19:49 +0000  5002 bytes for ./InvitedCell.nib
copying file ./archived-expanded-entitlements.xcent ... 
2017-12-05 06:19:49 +0000  246 bytes for ./archived-expanded-entitlements.xcent
2017-12-05 06:19:49 +0000  copying file ./Home.storyboardc/AddCarController.nib ... 
2017-12-05 06:19:49 +0000  1025 bytes for ./Home.storyboardc/AddCarController.nib
copying file ./Home.storyboardc/HomeViewController.nib ... 
2017-12-05 06:19:49 +0000  997 bytes for ./Home.storyboardc/HomeViewController.nib
copying file ./Home.storyboardc/cwT-i7-UlB-view-9q1-ff-gld.nib ... 
2017-12-05 06:19:49 +0000  7460 bytes for ./Home.storyboardc/cwT-i7-UlB-view-9q1-ff-gld.nib
2017-12-05 06:19:49 +0000  copying file ./Home.storyboardc/Info.plist ... 
2017-12-05 06:19:49 +0000  203 bytes for ./Home.storyboardc/Info.plist
copying file ./Home.storyboardc/NoK-9J-elu-view-QAa-dB-RQe.nib ... 
2017-12-05 06:19:49 +0000  1791 bytes for ./Home.storyboardc/NoK-9J-elu-view-QAa-dB-RQe.nib
copying file ./Brand Assets@2x.png ... 
2017-12-05 06:19:49 +0000  262749 bytes for ./Brand Assets@2x.png
2017-12-05 06:19:49 +0000  copying file ./FindCell.nib ... 
2017-12-05 06:19:49 +0000  6304 bytes for ./FindCell.nib
copying file ./btn_original_circle@3x.png ... 
2017-12-05 06:19:49 +0000  2551 bytes for ./btn_original_circle@3x.png
copying file ./NewDetailController.nib ... 
2017-12-05 06:19:49 +0000  4110 bytes for ./NewDetailController.nib
copying file ./ChongTwoCell.nib ... 
2017-12-05 06:19:49 +0000  4820 bytes for ./ChongTwoCell.nib
copying file ./CaeDetailCell.nib ... 
2017-12-05 06:19:49 +0000  3295 bytes for ./CaeDetailCell.nib
2017-12-05 06:19:49 +0000  copying file ./btn_circle@2x.png ... 
1066 bytes for ./btn_circle@2x.png
2017-12-05 06:19:49 +0000  copying file ./Assets.car ... 
2017-12-05 06:19:49 +0000  23190504 bytes for ./Assets.car
copying file ./Brand Assets-568h@2x.png ... 
2017-12-05 06:19:49 +0000  288869 bytes for ./Brand Assets-568h@2x.png
copying file ./NewCarCell.nib ... 
17911 bytes for ./NewCarCell.nib
copying file ./CarNameOneCell.nib ... 
2017-12-05 06:19:49 +0000  1392 bytes for ./CarNameOneCell.nib
copying file ./MyteamCell.nib ... 
2017-12-05 06:19:49 +0000  3137 bytes for ./MyteamCell.nib
2017-12-05 06:19:49 +0000  copying file ./RegistController.nib ... 
2017-12-05 06:19:49 +0000  8563 bytes for ./RegistController.nib
copying file ./btn_circle@3x.png ... 
2017-12-05 06:19:49 +0000  3921 bytes for ./btn_circle@3x.png
copying file ./CarOneCell.nib ... 
2017-12-05 06:19:49 +0000  3331 bytes for ./CarOneCell.nib
copying file ./HomeTwoCell.nib ... 
2017-12-05 06:19:49 +0000  2451 bytes for ./HomeTwoCell.nib
2017-12-05 06:19:49 +0000  copying file ./ForgetController.nib ... 
2017-12-05 06:19:49 +0000  6836 bytes for ./ForgetController.nib
copying file ./btn_original_circle@2x.png ... 
2017-12-05 06:19:49 +0000  1455 bytes for ./btn_original_circle@2x.png
copying file ./TuCell.nib ... 
2017-12-05 06:19:49 +0000  3175 bytes for ./TuCell.nib
2017-12-05 06:19:49 +0000  copying file ./DaTuController.nib ... 
2017-12-05 06:19:49 +0000  1614 bytes for ./DaTuController.nib
copying file ./SafeTwoCell.nib ... 
2017-12-05 06:19:49 +0000  3869 bytes for ./SafeTwoCell.nib
copying file ./DoorCell.nib ... 
2017-12-05 06:19:49 +0000  7437 bytes for ./DoorCell.nib
2017-12-05 06:19:49 +0000  copying file ./NewsCell.nib ... 
2017-12-05 06:19:49 +0000  4162 bytes for ./NewsCell.nib
copying file ./btn_unselected.png ... 
2017-12-05 06:19:49 +0000  3244 bytes for ./btn_unselected.png
2017-12-05 06:19:49 +0000  copying file ./InfoTwoCell.nib ... 
2017-12-05 06:19:49 +0000  3817 bytes for ./InfoTwoCell.nib
copying file ./Brand Assets.png ... 
2017-12-05 06:19:49 +0000  86247 bytes for ./Brand Assets.png
copying file ./FindDetailController.nib ... 
2017-12-05 06:19:49 +0000  2118 bytes for ./FindDetailController.nib
2017-12-05 06:19:49 +0000  copying file ./Brand Assets-700-568h@2x.png ... 
2017-12-05 06:19:49 +0000  288869 bytes for ./Brand Assets-700-568h@2x.png
2017-12-05 06:19:49 +0000  copying file ./btn_selected@3x.png ... 
2017-12-05 06:19:49 +0000  4276 bytes for ./btn_selected@3x.png
copying file ./embedded.mobileprovision ... 
2017-12-05 06:19:49 +0000  13884 bytes for ./embedded.mobileprovision
copying file ./btn_selected@2x.png ... 
2017-12-05 06:19:49 +0000  3777 bytes for ./btn_selected@2x.png
2017-12-05 06:19:49 +0000  copying file ./InfoThreeCell.nib ... 
2017-12-05 06:19:49 +0000  4200 bytes for ./InfoThreeCell.nib
copying file ./ShopDetailOneCell.nib ... 
2017-12-05 06:19:49 +0000  7170 bytes for ./ShopDetailOneCell.nib
copying file ./MyBaseController.nib ... 
2017-12-05 06:19:49 +0000  2118 bytes for ./MyBaseController.nib
2017-12-05 06:19:49 +0000  copying file ./Info.plist ... 
2017-12-05 06:19:49 +0000  3013 bytes for ./Info.plist
copying file ./PkgInfo ... 
2017-12-05 06:19:49 +0000  8 bytes for ./PkgInfo
copying file ./ZhifuOneCell.nib ... 
2017-12-05 06:19:49 +0000  4962 bytes for ./ZhifuOneCell.nib
copying file ./SafeFlowController.nib ... 
2017-12-05 06:19:49 +0000  6780 bytes for ./SafeFlowController.nib
2017-12-05 06:19:49 +0000  copying file ./TupianController.nib ... 
2017-12-05 06:19:49 +0000  6973 bytes for ./TupianController.nib
2017-12-05 06:19:49 +0000  
2017-12-05 06:19:49 +0000  2017-12-05 06:19:49 +0000  /usr/bin/ditto exited with 02017-12-05 06:19:49 +0000  


2017-12-05 06:19:49 +0000  Processing step: IDEDistributionEmbedProfileStep
2017-12-05 06:19:49 +0000  Processing step: IDEDistributionAppThinningPlistStep
2017-12-05 06:19:49 +0000  Skipping step: IDEDistributionAppThinningPlistStep because it said so
2017-12-05 06:19:49 +0000  Processing step: IDEDistributionCompileBitcodeStep
2017-12-05 06:19:49 +0000  Skipping step: IDEDistributionCompileBitcodeStep because it said so
2017-12-05 06:19:49 +0000  Processing step: IDEDistributionCodeSlimmingStep
2017-12-05 06:19:49 +0000  Processing step: IDEDistributionCopyBCSymbolMapsStep
2017-12-05 06:19:49 +0000  Skipping step: IDEDistributionCopyBCSymbolMapsStep because it said so
2017-12-05 06:19:49 +0000  Processing step: IDEDistributionSymbolsStep
2017-12-05 06:19:49 +0000  Skipping step: IDEDistributionSymbolsStep because it said so
2017-12-05 06:19:49 +0000  Processing step: IDEDistributionAppThinningStep
2017-12-05 06:19:49 +0000  Skipping step: IDEDistributionAppThinningStep because it said so
2017-12-05 06:19:49 +0000  Processing step: IDEDistributionODRStep
2017-12-05 06:19:49 +0000  Processing step: IDEDistributionStripXattrsStep
2017-12-05 06:19:49 +0000  Running /usr/bin/xattr '-crs' '/var/folders/j_/8zybwlb53nd143nsb2l4whwc0000gn/T/XcodeDistPipeline.zuu/Root/Payload/HYC.app'
2017-12-05 06:19:49 +0000  
2017-12-05 06:19:49 +0000  2017-12-05 06:19:49 +0000  /usr/bin/xattr exited with 0
2017-12-05 06:19:49 +0000  

2017-12-05 06:19:49 +0000  Processing step: IDEDistributionCodesignStep
2017-12-05 06:19:49 +0000  Applying entitlements delta for <IDEDistributionItem: 0x7fe0638ef0c0 'com.jsmy.HYC' '<DVTFilePath:0x7fe060b57fd0:'/Users/lijianhou/Library/Developer/Xcode/Archives/2017-12-05/HYC 2017-12-5 下午2.18.xcarchive/Products/Applications/HYC.app'>'> from <IDEiCloudEntitlementsProcessor: 0x7fe071c54600>: {
}
2017-12-05 06:19:49 +0000  Entitlements for <IDEDistributionItem: 0x7fe0638ef0c0 'com.jsmy.HYC' '<DVTFilePath:0x7fe060b57fd0:'/Users/lijianhou/Library/Developer/Xcode/Archives/2017-12-05/HYC 2017-12-5 下午2.18.xcarchive/Products/Applications/HYC.app'>'>: {
    "application-identifier" = "ZK5FB2XW39.com.jsmy.HYC";
    "aps-environment" = production;
    "com.apple.developer.team-identifier" = ZK5FB2XW39;
    "get-task-allow" = 0;
}
2017-12-05 06:19:49 +0000  Writing entitlements for <IDEDistributionItem: 0x7fe0638ef0c0 'com.jsmy.HYC' '<DVTFilePath:0x7fe060b57fd0:'/Users/lijianhou/Library/Developer/Xcode/Archives/2017-12-05/HYC 2017-12-5 下午2.18.xcarchive/Products/Applications/HYC.app'>'> to: /var/folders/j_/8zybwlb53nd143nsb2l4whwc0000gn/T/XcodeDistPipeline.zuu/entitlementsXduFnl
2017-12-05 06:19:49 +0000  Running /usr/bin/codesign '-vvv' '--force' '--sign' '93B2BDEF7716436D2416BC5C726B47A12E056BF2' '--preserve-metadata=identifier,flags' '--entitlements' '/var/folders/j_/8zybwlb53nd143nsb2l4whwc0000gn/T/XcodeDistPipeline.zuu/entitlementsXduFnl' '/var/folders/j_/8zybwlb53nd143nsb2l4whwc0000gn/T/XcodeDistPipeline.zuu/Root/Payload/HYC.app'
2017-12-05 06:19:49 +0000  /var/folders/j_/8zybwlb53nd143nsb2l4whwc0000gn/T/XcodeDistPipeline.zuu/Root/Payload/HYC.app: replacing existing signature
2017-12-05 06:19:50 +0000  /var/folders/j_/8zybwlb53nd143nsb2l4whwc0000gn/T/XcodeDistPipeline.zuu/Root/Payload/HYC.app: signed app bundle with Mach-O universal (armv7 arm64) [com.jsmy.HYC]
2017-12-05 06:19:50 +0000  2017-12-05 06:19:50 +0000  

2017-12-05 06:19:50 +0000  2017-12-05 06:19:50 +0000  

2017-12-05 06:19:50 +0000  
2017-12-05 06:19:50 +0000  2017-12-05 06:19:50 +0000  

2017-12-05 06:19:50 +0000  /usr/bin/codesign exited with 02017-12-05 06:19:50 +0000  

2017-12-05 06:19:50 +0000  
2017-12-05 06:19:50 +0000  Processing step: IDEDistributionStreamingZipItemStep
2017-12-05 06:19:50 +0000  Skipping step: IDEDistributionStreamingZipItemStep because it said so
2017-12-05 06:19:50 +0000  Processing step: IDEDistributionCreateIPAStep
2017-12-05 06:19:50 +0000  Running /usr/bin/ditto '-V' '-c' '-k' '--norsrc' '/var/folders/j_/8zybwlb53nd143nsb2l4whwc0000gn/T/XcodeDistPipeline.zuu/Root' '/var/folders/j_/8zybwlb53nd143nsb2l4whwc0000gn/T/XcodeDistPipeline.zuu/Packages/HYC.ipa'
2017-12-05 06:19:50 +0000  >>> Copying /var/folders/j_/8zybwlb53nd143nsb2l4whwc0000gn/T/XcodeDistPipeline.zuu/Root 
2017-12-05 06:19:50 +0000  copying file ./Payload/HYC.app/Brand Assets-800-Portrait-736h@3x.png ... 
2017-12-05 06:19:50 +0000  1011343 bytes for ./Payload/HYC.app/Brand Assets-800-Portrait-736h@3x.png
copying file ./Payload/HYC.app/Brand Assets-700@2x.png ... 
2017-12-05 06:19:50 +0000  261937 bytes for ./Payload/HYC.app/Brand Assets-700@2x.png
2017-12-05 06:19:50 +0000  copying file ./Payload/HYC.app/_CodeSignature/CodeResources ... 
2017-12-05 06:19:50 +0000  69563 bytes for ./Payload/HYC.app/_CodeSignature/CodeResources
2017-12-05 06:19:50 +0000  copying file ./Payload/HYC.app/mapapi.bundle/images/icon_paopao_middle_right.png ... 
3411 bytes for ./Payload/HYC.app/mapapi.bundle/images/icon_paopao_middle_right.png
2017-12-05 06:19:50 +0000  copying file ./Payload/HYC.app/mapapi.bundle/images/icon_nav_bus@2x.png ... 
1394 bytes for ./Payload/HYC.app/mapapi.bundle/images/icon_nav_bus@2x.png
copying file ./Payload/HYC.app/mapapi.bundle/images/icon_nav_start@2x.png ... 
2017-12-05 06:19:50 +0000  7712 bytes for ./Payload/HYC.app/mapapi.bundle/images/icon_nav_start@2x.png
copying file ./Payload/HYC.app/mapapi.bundle/images/icon_paopao_middle_right_highlighted.png ... 
2017-12-05 06:19:50 +0000  3386 bytes for ./Payload/HYC.app/mapapi.bundle/images/icon_paopao_middle_right_highlighted.png
copying file ./Payload/HYC.app/mapapi.bundle/images/baidumap_logo.png ... 
2017-12-05 06:19:50 +0000  4387 bytes for ./Payload/HYC.app/mapapi.bundle/images/baidumap_logo.png
copying file ./Payload/HYC.app/mapapi.bundle/images/icon_action_paopao_middle_left_highlighted.png ... 
2017-12-05 06:19:50 +0000  3059 bytes for ./Payload/HYC.app/mapapi.bundle/images/icon_action_paopao_middle_left_highlighted.png
copying file ./Payload/HYC.app/mapapi.bundle/images/pin_red.png ... 
2017-12-05 06:19:50 +0000  3865 bytes for ./Payload/HYC.app/mapapi.bundle/images/pin_red.png
copying file ./Payload/HYC.app/mapapi.bundle/images/icon_nav_waypoint.png ... 
4693 bytes for ./Payload/HYC.app/mapapi.bundle/images/icon_nav_waypoint.png
copying file ./Payload/HYC.app/mapapi.bundle/images/icon_nav_rail@2x.png ... 
2017-12-05 06:19:50 +0000  1555 bytes for ./Payload/HYC.app/mapapi.bundle/images/icon_nav_rail@2x.png
copying file ./Payload/HYC.app/mapapi.bundle/images/icon_nav_rail.png ... 
2017-12-05 06:19:50 +0000  1950 bytes for ./Payload/HYC.app/mapapi.bundle/images/icon_nav_rail.png
copying file ./Payload/HYC.app/mapapi.bundle/images/icon_nav_end@2x.png ... 
2017-12-05 06:19:50 +0000  7991 bytes for ./Payload/HYC.app/mapapi.bundle/images/icon_nav_end@2x.png
copying file ./Payload/HYC.app/mapapi.bundle/images/pin_purple@2x.png ... 
2017-12-05 06:19:50 +0000  5716 bytes for ./Payload/HYC.app/mapapi.bundle/images/pin_purple@2x.png
2017-12-05 06:19:50 +0000  copying file ./Payload/HYC.app/mapapi.bundle/images/icon_nav_end.png ... 
4793 bytes for ./Payload/HYC.app/mapapi.bundle/images/icon_nav_end.png
copying file ./Payload/HYC.app/mapapi.bundle/images/icon_cellphone@2x.png ... 
2017-12-05 06:19:50 +0000  4674 bytes for ./Payload/HYC.app/mapapi.bundle/images/icon_cellphone@2x.png
copying file ./Payload/HYC.app/mapapi.bundle/images/icon_action_paopao_middle_right_highlighted.png ... 
2017-12-05 06:19:50 +0000  3045 bytes for ./Payload/HYC.app/mapapi.bundle/images/icon_action_paopao_middle_right_highlighted.png
copying file ./Payload/HYC.app/mapapi.bundle/images/icon_paopao_middle_left@2x.png ... 
2017-12-05 06:19:50 +0000  4308 bytes for ./Payload/HYC.app/mapapi.bundle/images/icon_paopao_middle_left@2x.png
copying file ./Payload/HYC.app/mapapi.bundle/images/icon_action_paopao_middle_left_highlighted@2x.png ... 
2017-12-05 06:19:50 +0000  3421 bytes for ./Payload/HYC.app/mapapi.bundle/images/icon_action_paopao_middle_left_highlighted@2x.png
copying file ./Payload/HYC.app/mapapi.bundle/images/icon_paopao_middle_left_highlighted.png ... 
3452 bytes for ./Payload/HYC.app/mapapi.bundle/images/icon_paopao_middle_left_highlighted.png
copying file ./Payload/HYC.app/mapapi.bundle/images/icon_action_paopao_middle_right.png ... 
2017-12-05 06:19:50 +0000  3049 bytes for ./Payload/HYC.app/mapapi.bundle/images/icon_action_paopao_middle_right.png
copying file ./Payload/HYC.app/mapapi.bundle/images/icon_line_nofocus.png ... 
112 bytes for ./Payload/HYC.app/mapapi.bundle/images/icon_line_nofocus.png
copying file ./Payload/HYC.app/mapapi.bundle/images/direction_wheel@2x.png ... 
2017-12-05 06:19:50 +0000  9255 bytes for ./Payload/HYC.app/mapapi.bundle/images/direction_wheel@2x.png
copying file ./Payload/HYC.app/mapapi.bundle/images/pin_purple.png ... 
2017-12-05 06:19:50 +0000  3909 bytes for ./Payload/HYC.app/mapapi.bundle/images/pin_purple.png
copying file ./Payload/HYC.app/mapapi.bundle/images/icon_center_point@2x.png ... 
2017-12-05 06:19:50 +0000  2470 bytes for ./Payload/HYC.app/mapapi.bundle/images/icon_center_point@2x.png
copying file ./Payload/HYC.app/mapapi.bundle/images/icon_nav_start.png ... 
4760 bytes for ./Payload/HYC.app/mapapi.bundle/images/icon_nav_start.png
copying file ./Payload/HYC.app/mapapi.bundle/images/icon_direction.png ... 
2017-12-05 06:19:50 +0000  3334 bytes for ./Payload/HYC.app/mapapi.bundle/images/icon_direction.png
copying file ./Payload/HYC.app/mapapi.bundle/images/icon_action_paopao_middle_left@2x.png ... 
2017-12-05 06:19:50 +0000  3406 bytes for ./Payload/HYC.app/mapapi.bundle/images/icon_action_paopao_middle_left@2x.png
copying file ./Payload/HYC.app/mapapi.bundle/images/icon_paopao_middle_left.png ... 
2017-12-05 06:19:50 +0000  3397 bytes for ./Payload/HYC.app/mapapi.bundle/images/icon_paopao_middle_left.png
copying file ./Payload/HYC.app/mapapi.bundle/images/icon_compass.png ... 
2017-12-05 06:19:50 +0000  3807 bytes for ./Payload/HYC.app/mapapi.bundle/images/icon_compass.png
2017-12-05 06:19:50 +0000  copying file ./Payload/HYC.app/mapapi.bundle/images/icon_paopao_middle_right@2x.png ... 
4202 bytes for ./Payload/HYC.app/mapapi.bundle/images/icon_paopao_middle_right@2x.png
copying file ./Payload/HYC.app/mapapi.bundle/images/direction_wheel.png ... 
2017-12-05 06:19:50 +0000  3839 bytes for ./Payload/HYC.app/mapapi.bundle/images/direction_wheel.png
copying file ./Payload/HYC.app/mapapi.bundle/images/icon_paopao_middle_right_highlighted@2x.png ... 
2017-12-05 06:19:50 +0000  4185 bytes for ./Payload/HYC.app/mapapi.bundle/images/icon_paopao_middle_right_highlighted@2x.png
copying file ./Payload/HYC.app/mapapi.bundle/images/icon_center_point.png ... 
1168 bytes for ./Payload/HYC.app/mapapi.bundle/images/icon_center_point.png
copying file ./Payload/HYC.app/mapapi.bundle/images/lineDashTexture.png ... 
2017-12-05 06:19:50 +0000  194 bytes for ./Payload/HYC.app/mapapi.bundle/images/lineDashTexture.png
copying file ./Payload/HYC.app/mapapi.bundle/images/icon_paopao_middle_left_highlighted@2x.png ... 
4291 bytes for ./Payload/HYC.app/mapapi.bundle/images/icon_paopao_middle_left_highlighted@2x.png
2017-12-05 06:19:50 +0000  copying file ./Payload/HYC.app/mapapi.bundle/images/icon_action_paopao_middle_right_highlighted@2x.png ... 
3328 bytes for ./Payload/HYC.app/mapapi.bundle/images/icon_action_paopao_middle_right_highlighted@2x.png
copying file ./Payload/HYC.app/mapapi.bundle/images/bnavi_icon_location_fixed.png ... 
2017-12-05 06:19:50 +0000  601 bytes for ./Payload/HYC.app/mapapi.bundle/images/bnavi_icon_location_fixed.png
2017-12-05 06:19:50 +0000  copying file ./Payload/HYC.app/mapapi.bundle/images/icon_cellphone.png ... 
2017-12-05 06:19:50 +0000  2703 bytes for ./Payload/HYC.app/mapapi.bundle/images/icon_cellphone.png
copying file ./Payload/HYC.app/mapapi.bundle/images/icon_cellphone2.png ... 
2017-12-05 06:19:50 +0000  3712 bytes for ./Payload/HYC.app/mapapi.bundle/images/icon_cellphone2.png
copying file ./Payload/HYC.app/mapapi.bundle/images/baidumap_logo@2x.png ... 
2017-12-05 06:19:50 +0000  5920 bytes for ./Payload/HYC.app/mapapi.bundle/images/baidumap_logo@2x.png
copying file ./Payload/HYC.app/mapapi.bundle/images/icon_compass_background@2x.png ... 
2017-12-05 06:19:50 +0000  5464 bytes for ./Payload/HYC.app/mapapi.bundle/images/icon_compass_background@2x.png
copying file ./Payload/HYC.app/mapapi.bundle/images/icon_compass_background.png ... 
2017-12-05 06:19:50 +0000  4797 bytes for ./Payload/HYC.app/mapapi.bundle/images/icon_compass_background.png
copying file ./Payload/HYC.app/mapapi.bundle/images/icon_cellphone2@2x.png ... 
2017-12-05 06:19:50 +0000  7717 bytes for ./Payload/HYC.app/mapapi.bundle/images/icon_cellphone2@2x.png
copying file ./Payload/HYC.app/mapapi.bundle/images/pin_green@2x.png ... 
2017-12-05 06:19:50 +0000  5685 bytes for ./Payload/HYC.app/mapapi.bundle/images/pin_green@2x.png
copying file ./Payload/HYC.app/mapapi.bundle/images/bnavi_icon_location_fixed@2x.png ... 
2017-12-05 06:19:50 +0000  1458 bytes for ./Payload/HYC.app/mapapi.bundle/images/bnavi_icon_location_fixed@2x.png
copying file ./Payload/HYC.app/mapapi.bundle/images/icon_nav_waypoint@2x.png ... 
2017-12-05 06:19:50 +0000  5068 bytes for ./Payload/HYC.app/mapapi.bundle/images/icon_nav_waypoint@2x.png
copying file ./Payload/HYC.app/mapapi.bundle/images/line_texture.png ... 
2017-12-05 06:19:50 +0000  2830 bytes for ./Payload/HYC.app/mapapi.bundle/images/line_texture.png
copying file ./Payload/HYC.app/mapapi.bundle/images/pin_green.png ... 
2017-12-05 06:19:50 +0000  3896 bytes for ./Payload/HYC.app/mapapi.bundle/images/pin_green.png
copying file ./Payload/HYC.app/mapapi.bundle/images/icon_nav_bus.png ... 
2017-12-05 06:19:50 +0000  1818 bytes for ./Payload/HYC.app/mapapi.bundle/images/icon_nav_bus.png
2017-12-05 06:19:50 +0000  copying file ./Payload/HYC.app/mapapi.bundle/images/icon_direction@2x.png ... 
3496 bytes for ./Payload/HYC.app/mapapi.bundle/images/icon_direction@2x.png
copying file ./Payload/HYC.app/mapapi.bundle/images/icon_compass@2x.png ... 
2017-12-05 06:19:50 +0000  2972 bytes for ./Payload/HYC.app/mapapi.bundle/images/icon_compass@2x.png
copying file ./Payload/HYC.app/mapapi.bundle/images/icon_action_paopao_middle_left.png ... 
2017-12-05 06:19:50 +0000  3065 bytes for ./Payload/HYC.app/mapapi.bundle/images/icon_action_paopao_middle_left.png
copying file ./Payload/HYC.app/mapapi.bundle/images/icon_action_paopao_middle_right@2x.png ... 
2017-12-05 06:19:50 +0000  3323 bytes for ./Payload/HYC.app/mapapi.bundle/images/icon_action_paopao_middle_right@2x.png
copying file ./Payload/HYC.app/mapapi.bundle/images/pin_red@2x.png ... 
2017-12-05 06:19:50 +0000  5533 bytes for ./Payload/HYC.app/mapapi.bundle/images/pin_red@2x.png
2017-12-05 06:19:50 +0000  copying file ./Payload/HYC.app/mapapi.bundle/files/DVVersion.cfg ... 
341 bytes for ./Payload/HYC.app/mapapi.bundle/files/DVVersion.cfg
copying file ./Payload/HYC.app/mapapi.bundle/files/ResPack.rs ... 
2017-12-05 06:19:50 +0000  556818 bytes for ./Payload/HYC.app/mapapi.bundle/files/ResPack.rs
2017-12-05 06:19:50 +0000  copying file ./Payload/HYC.app/mapapi.bundle/files/DVSDirectory_Retina.cfg ... 
2017-12-05 06:19:50 +0000  5491 bytes for ./Payload/HYC.app/mapapi.bundle/files/DVSDirectory_Retina.cfg
copying file ./Payload/HYC.app/mapapi.bundle/files/DVHotMap_Retina.cfg ... 
2017-12-05 06:19:50 +0000  11174 bytes for ./Payload/HYC.app/mapapi.bundle/files/DVHotMap_Retina.cfg
copying file ./Payload/HYC.app/mapapi.bundle/files/DVHotcity.cfg ... 
2017-12-05 06:19:50 +0000  1808 bytes for ./Payload/HYC.app/mapapi.bundle/files/DVHotcity.cfg
copying file ./Payload/HYC.app/mapapi.bundle/files/DVDirectory.cfg ... 
2017-12-05 06:19:50 +0000  69911 bytes for ./Payload/HYC.app/mapapi.bundle/files/DVDirectory.cfg
2017-12-05 06:19:50 +0000  copying file ./Payload/HYC.app/mapapi.bundle/files/DVHotMap.cfg ... 
2017-12-05 06:19:50 +0000  11174 bytes for ./Payload/HYC.app/mapapi.bundle/files/DVHotMap.cfg
2017-12-05 06:19:50 +0000  copying file ./Payload/HYC.app/mapapi.bundle/files/channel ... 
5 bytes for ./Payload/HYC.app/mapapi.bundle/files/channel
copying file ./Payload/HYC.app/mapapi.bundle/files/trafficstyle.sty ... 
2017-12-05 06:19:50 +0000  14391 bytes for ./Payload/HYC.app/mapapi.bundle/files/trafficstyle.sty
2017-12-05 06:19:50 +0000  copying file ./Payload/HYC.app/mapapi.bundle/files/DVSDirectory.cfg ... 
5491 bytes for ./Payload/HYC.app/mapapi.bundle/files/DVSDirectory.cfg
2017-12-05 06:19:50 +0000  copying file ./Payload/HYC.app/mapapi.bundle/files/satellitestyle.sty ... 
2017-12-05 06:19:50 +0000  374094 bytes for ./Payload/HYC.app/mapapi.bundle/files/satellitestyle.sty
copying file ./Payload/HYC.app/mapapi.bundle/files/Beijing, China.gpx ... 
2017-12-05 06:19:50 +0000  166 bytes for ./Payload/HYC.app/mapapi.bundle/files/Beijing, China.gpx
copying file ./Payload/HYC.app/mapapi.bundle/files/DVHotcity_Retina.cfg ... 
1808 bytes for ./Payload/HYC.app/mapapi.bundle/files/DVHotcity_Retina.cfg
copying file ./Payload/HYC.app/mapapi.bundle/files/mapstyle.sty ... 
2017-12-05 06:19:50 +0000  632032 bytes for ./Payload/HYC.app/mapapi.bundle/files/mapstyle.sty
copying file ./Payload/HYC.app/mapapi.bundle/files/DVDirectory_Retina.cfg ... 
2017-12-05 06:19:50 +0000  69911 bytes for ./Payload/HYC.app/mapapi.bundle/files/DVDirectory_Retina.cfg
2017-12-05 06:19:50 +0000  copying file ./Payload/HYC.app/mapapi.bundle/files/indoor/baseindoormap.sty ... 
2017-12-05 06:19:50 +0000  47979 bytes for ./Payload/HYC.app/mapapi.bundle/files/indoor/baseindoormap.sty
copying file ./Payload/HYC.app/mapapi.bundle/files/indoor/IndoorResPack.rs ... 
2017-12-05 06:19:50 +0000  262891 bytes for ./Payload/HYC.app/mapapi.bundle/files/indoor/IndoorResPack.rs
copying file ./Payload/HYC.app/mapapi.bundle/files/indoor/DVIndoor.cfg ... 
2017-12-05 06:19:50 +0000  11071 bytes for ./Payload/HYC.app/mapapi.bundle/files/indoor/DVIndoor.cfg
2017-12-05 06:19:50 +0000  copying file ./Payload/HYC.app/mapapi.bundle/files/DVVersion_Retina.cfg ... 
349 bytes for ./Payload/HYC.app/mapapi.bundle/files/DVVersion_Retina.cfg
copying file ./Payload/HYC.app/mapapi.bundle/files/CustomIndex ... 
2017-12-05 06:19:50 +0000  3862 bytes for ./Payload/HYC.app/mapapi.bundle/files/CustomIndex
2017-12-05 06:19:50 +0000  copying file ./Payload/HYC.app/NewChangeCarOneCell.nib ... 
2312 bytes for ./Payload/HYC.app/NewChangeCarOneCell.nib
copying file ./Payload/HYC.app/ZLCollectionCell.nib ... 
2017-12-05 06:19:50 +0000  3112 bytes for ./Payload/HYC.app/ZLCollectionCell.nib
copying file ./Payload/HYC.app/InfoOneCell.nib ... 
2017-12-05 06:19:50 +0000  3803 bytes for ./Payload/HYC.app/InfoOneCell.nib
copying file ./Payload/HYC.app/CarSizeViewCell.nib ... 
2017-12-05 06:19:50 +0000  2923 bytes for ./Payload/HYC.app/CarSizeViewCell.nib
copying file ./Payload/HYC.app/btn_unselected@3x.png ... 
2017-12-05 06:19:50 +0000  4456 bytes for ./Payload/HYC.app/btn_unselected@3x.png
copying file ./Payload/HYC.app/CarDetailListCell.nib ... 
2017-12-05 06:19:50 +0000  4335 bytes for ./Payload/HYC.app/CarDetailListCell.nib
copying file ./Payload/HYC.app/navBackBtn@2x.png ... 
2017-12-05 06:19:50 +0000  120 bytes for ./Payload/HYC.app/navBackBtn@2x.png
copying file ./Payload/HYC.app/AppIcon20x20@2x.png ... 
1308 bytes for ./Payload/HYC.app/AppIcon20x20@2x.png
copying file ./Payload/HYC.app/NewCarStyleCell.nib ... 
2017-12-05 06:19:50 +0000  3499 bytes for ./Payload/HYC.app/NewCarStyleCell.nib
copying file ./Payload/HYC.app/defaultphoto.png ... 
2017-12-05 06:19:50 +0000  2596 bytes for ./Payload/HYC.app/defaultphoto.png
copying file ./Payload/HYC.app/AlipaySDK.bundle/shutdown@2x.png ... 
2017-12-05 06:19:50 +0000  222 bytes for ./Payload/HYC.app/AlipaySDK.bundle/shutdown@2x.png
copying file ./Payload/HYC.app/AlipaySDK.bundle/refresh@2x.png ... 
605 bytes for ./Payload/HYC.app/AlipaySDK.bundle/refresh@2x.png
copying file ./Payload/HYC.app/AlipaySDK.bundle/refresh_click@2x.png ... 
2017-12-05 06:19:50 +0000  1824 bytes for ./Payload/HYC.app/AlipaySDK.bundle/refresh_click@2x.png
copying file ./Payload/HYC.app/AlipaySDK.bundle/shutdown_click@2x.png ... 
2017-12-05 06:19:50 +0000  1319 bytes for ./Payload/HYC.app/AlipaySDK.bundle/shutdown_click@2x.png
copying file ./Payload/HYC.app/AlipaySDK.bundle/bar@2x.png ... 
1011 bytes for ./Payload/HYC.app/AlipaySDK.bundle/bar@2x.png
2017-12-05 06:19:50 +0000  copying file ./Payload/HYC.app/ZLPhotoBrowser.bundle/btn_unselected@3x.png ... 
4884 bytes for ./Payload/HYC.app/ZLPhotoBrowser.bundle/btn_unselected@3x.png
copying file ./Payload/HYC.app/ZLPhotoBrowser.bundle/navBackBtn@2x.png ... 
2017-12-05 06:19:50 +0000  116 bytes for ./Payload/HYC.app/ZLPhotoBrowser.bundle/navBackBtn@2x.png
copying file ./Payload/HYC.app/ZLPhotoBrowser.bundle/defaultphoto.png ... 
2474 bytes for ./Payload/HYC.app/ZLPhotoBrowser.bundle/defaultphoto.png
copying file ./Payload/HYC.app/ZLPhotoBrowser.bundle/btn_selected.png ... 
2017-12-05 06:19:50 +0000  3296 bytes for ./Payload/HYC.app/ZLPhotoBrowser.bundle/btn_selected.png
copying file ./Payload/HYC.app/ZLPhotoBrowser.bundle/btn_unselected@2x.png ... 
2017-12-05 06:19:50 +0000  4084 bytes for ./Payload/HYC.app/ZLPhotoBrowser.bundle/btn_unselected@2x.png
copying file ./Payload/HYC.app/ZLPhotoBrowser.bundle/lock.png ... 
2017-12-05 06:19:50 +0000  22135 bytes for ./Payload/HYC.app/ZLPhotoBrowser.bundle/lock.png
copying file ./Payload/HYC.app/ZLPhotoBrowser.bundle/btn_original_circle.png ... 
2017-12-05 06:19:50 +0000  1037 bytes for ./Payload/HYC.app/ZLPhotoBrowser.bundle/btn_original_circle.png
copying file ./Payload/HYC.app/ZLPhotoBrowser.bundle/btn_original_circle@3x.png ... 
2017-12-05 06:19:50 +0000  2668 bytes for ./Payload/HYC.app/ZLPhotoBrowser.bundle/btn_original_circle@3x.png
copying file ./Payload/HYC.app/ZLPhotoBrowser.bundle/btn_circle@2x.png ... 
2017-12-05 06:19:50 +0000  1540 bytes for ./Payload/HYC.app/ZLPhotoBrowser.bundle/btn_circle@2x.png
copying file ./Payload/HYC.app/ZLPhotoBrowser.bundle/btn_circle@3x.png ... 
2017-12-05 06:19:50 +0000  3814 bytes for ./Payload/HYC.app/ZLPhotoBrowser.bundle/btn_circle@3x.png
copying file ./Payload/HYC.app/ZLPhotoBrowser.bundle/btn_original_circle@2x.png ... 
1885 bytes for ./Payload/HYC.app/ZLPhotoBrowser.bundle/btn_original_circle@2x.png
copying file ./Payload/HYC.app/ZLPhotoBrowser.bundle/btn_unselected.png ... 
2017-12-05 06:19:50 +0000  3313 bytes for ./Payload/HYC.app/ZLPhotoBrowser.bundle/btn_unselected.png
copying file ./Payload/HYC.app/ZLPhotoBrowser.bundle/btn_selected@3x.png ... 
2017-12-05 06:19:50 +0000  4615 bytes for ./Payload/HYC.app/ZLPhotoBrowser.bundle/btn_selected@3x.png
copying file ./Payload/HYC.app/ZLPhotoBrowser.bundle/btn_selected@2x.png ... 
2017-12-05 06:19:50 +0000  4042 bytes for ./Payload/HYC.app/ZLPhotoBrowser.bundle/btn_selected@2x.png
copying file ./Payload/HYC.app/MyInfoViewController.nib ... 
2017-12-05 06:19:50 +0000  12666 bytes for ./Payload/HYC.app/MyInfoViewController.nib
copying file ./Payload/HYC.app/OrderCell.nib ... 
2017-12-05 06:19:50 +0000  3662 bytes for ./Payload/HYC.app/OrderCell.nib
copying file ./Payload/HYC.app/MeOneCell.nib ... 
2017-12-05 06:19:50 +0000  8028 bytes for ./Payload/HYC.app/MeOneCell.nib
copying file ./Payload/HYC.app/YuYueCell.nib ... 
2017-12-05 06:19:50 +0000  7467 bytes for ./Payload/HYC.app/YuYueCell.nib
copying file ./Payload/HYC.app/btn_selected.png ... 
2017-12-05 06:19:50 +0000  3212 bytes for ./Payload/HYC.app/btn_selected.png
copying file ./Payload/HYC.app/NewCarStyleController.nib ... 
2017-12-05 06:19:50 +0000  974 bytes for ./Payload/HYC.app/NewCarStyleController.nib
copying file ./Payload/HYC.app/ShopDetailTwoCell.nib ... 
2017-12-05 06:19:50 +0000  5078 bytes for ./Payload/HYC.app/ShopDetailTwoCell.nib
copying file ./Payload/HYC.app/Pingpp.bundle/zh-Hans.lproj/Localizable.strings ... 
2017-12-05 06:19:50 +0000  1329 bytes for ./Payload/HYC.app/Pingpp.bundle/zh-Hans.lproj/Localizable.strings
copying file ./Payload/HYC.app/Pingpp.bundle/en.lproj/Localizable.strings ... 
2017-12-05 06:19:50 +0000  42 bytes for ./Payload/HYC.app/Pingpp.bundle/en.lproj/Localizable.strings
copying file ./Payload/HYC.app/Pingpp.bundle/PingppTestPaymentSummaryViewController.nib ... 
2017-12-05 06:19:50 +0000  3873 bytes for ./Payload/HYC.app/Pingpp.bundle/PingppTestPaymentSummaryViewController.nib
copying file ./Payload/HYC.app/Pingpp.bundle/Info.plist ... 
854 bytes for ./Payload/HYC.app/Pingpp.bundle/Info.plist
2017-12-05 06:19:50 +0000  copying file ./Payload/HYC.app/AppIcon20x20@3x.png ... 
1731 bytes for ./Payload/HYC.app/AppIcon20x20@3x.png
copying file ./Payload/HYC.app/MyShopCell.nib ... 
2017-12-05 06:19:50 +0000  4317 bytes for ./Payload/HYC.app/MyShopCell.nib
copying file ./Payload/HYC.app/btn_unselected@2x.png ... 
2017-12-05 06:19:50 +0000  3928 bytes for ./Payload/HYC.app/btn_unselected@2x.png
copying file ./Payload/HYC.app/ZhifuTwoCell.nib ... 
2017-12-05 06:19:50 +0000  4762 bytes for ./Payload/HYC.app/ZhifuTwoCell.nib
2017-12-05 06:19:50 +0000  copying file ./Payload/HYC.app/MJRefresh.bundle/arrow@2x.png ... 
2017-12-05 06:19:50 +0000  1033 bytes for ./Payload/HYC.app/MJRefresh.bundle/arrow@2x.png
copying file ./Payload/HYC.app/Brand Assets-800-667h@2x.png ... 
2017-12-05 06:19:50 +0000  413107 bytes for ./Payload/HYC.app/Brand Assets-800-667h@2x.png
copying file ./Payload/HYC.app/lock.png ... 
2017-12-05 06:19:50 +0000  24893 bytes for ./Payload/HYC.app/lock.png
copying file ./Payload/HYC.app/ZhifuController.nib ... 
2017-12-05 06:19:50 +0000  8551 bytes for ./Payload/HYC.app/ZhifuController.nib
copying file ./Payload/HYC.app/NewChangeCarController.nib ... 
2017-12-05 06:19:50 +0000  2118 bytes for ./Payload/HYC.app/NewChangeCarController.nib
copying file ./Payload/HYC.app/ZLPhotoBrowserCell.nib ... 
2017-12-05 06:19:50 +0000  5889 bytes for ./Payload/HYC.app/ZLPhotoBrowserCell.nib
2017-12-05 06:19:50 +0000  copying file ./Payload/HYC.app/AppIcon60x60@2x.png ... 
3664 bytes for ./Payload/HYC.app/AppIcon60x60@2x.png
copying file ./Payload/HYC.app/CarDetailCell.nib ... 
2017-12-05 06:19:50 +0000  1168 bytes for ./Payload/HYC.app/CarDetailCell.nib
copying file ./Payload/HYC.app/NewCarDetailController.nib ... 
2017-12-05 06:19:50 +0000  3532 bytes for ./Payload/HYC.app/NewCarDetailController.nib
copying file ./Payload/HYC.app/MJPhotoBrowser.bundle/save_icon_highlighted.png ... 
2017-12-05 06:19:50 +0000  1744 bytes for ./Payload/HYC.app/MJPhotoBrowser.bundle/save_icon_highlighted.png
copying file ./Payload/HYC.app/MJPhotoBrowser.bundle/save_icon@2x.png ... 
2017-12-05 06:19:50 +0000  2247 bytes for ./Payload/HYC.app/MJPhotoBrowser.bundle/save_icon@2x.png
copying file ./Payload/HYC.app/MJPhotoBrowser.bundle/save_icon.png ... 
1727 bytes for ./Payload/HYC.app/MJPhotoBrowser.bundle/save_icon.png
copying file ./Payload/HYC.app/MJPhotoBrowser.bundle/save_icon_highlighted@2x.png ... 
2017-12-05 06:19:50 +0000  2262 bytes for ./Payload/HYC.app/MJPhotoBrowser.bundle/save_icon_highlighted@2x.png
copying file ./Payload/HYC.app/ZLPhotoActionSheet.nib ... 
2017-12-05 06:19:50 +0000  5877 bytes for ./Payload/HYC.app/ZLPhotoActionSheet.nib
copying file ./Payload/HYC.app/FindShopController.nib ... 
2017-12-05 06:19:50 +0000  4180 bytes for ./Payload/HYC.app/FindShopController.nib
copying file ./Payload/HYC.app/OrderViewController.nib ... 
2017-12-05 06:19:50 +0000  974 bytes for ./Payload/HYC.app/OrderViewController.nib
2017-12-05 06:19:50 +0000  copying file ./Payload/HYC.app/HomeThreeCell.nib ... 
2017-12-05 06:19:50 +0000  3498 bytes for ./Payload/HYC.app/HomeThreeCell.nib
copying file ./Payload/HYC.app/AppIcon40x40@3x.png ... 
3664 bytes for ./Payload/HYC.app/AppIcon40x40@3x.png
copying file ./Payload/HYC.app/NewChangeNomalCell.nib ... 
2017-12-05 06:19:50 +0000  3028 bytes for ./Payload/HYC.app/NewChangeNomalCell.nib
copying file ./Payload/HYC.app/ChongOneCell.nib ... 
2017-12-05 06:19:50 +0000  6494 bytes for ./Payload/HYC.app/ChongOneCell.nib
copying file ./Payload/HYC.app/carTwoCell.nib ... 
2017-12-05 06:19:50 +0000  3787 bytes for ./Payload/HYC.app/carTwoCell.nib
2017-12-05 06:19:50 +0000  copying file ./Payload/HYC.app/HYC ... 
2017-12-05 06:19:50 +0000  10111648 bytes for ./Payload/HYC.app/HYC
copying file ./Payload/HYC.app/AppIcon40x40@2x.png ... 
2017-12-05 06:19:50 +0000  2639 bytes for ./Payload/HYC.app/AppIcon40x40@2x.png
copying file ./Payload/HYC.app/ZLThumbnailViewController.nib ... 
6040 bytes for ./Payload/HYC.app/ZLThumbnailViewController.nib
copying file ./Payload/HYC.app/ChongController.nib ... 
974 bytes for ./Payload/HYC.app/ChongController.nib
copying file ./Payload/HYC.app/ZLNoAuthorityViewController.nib ... 
3655 bytes for ./Payload/HYC.app/ZLNoAuthorityViewController.nib
copying file ./Payload/HYC.app/btn_original_circle.png ... 
634 bytes for ./Payload/HYC.app/btn_original_circle.png
copying file ./Payload/HYC.app/AppIcon60x60@3x.png ... 
5433 bytes for ./Payload/HYC.app/AppIcon60x60@3x.png
copying file ./Payload/HYC.app/SafeOneCell.nib ... 
2017-12-05 06:19:50 +0000  9018 bytes for ./Payload/HYC.app/SafeOneCell.nib
copying file ./Payload/HYC.app/Base.lproj/Main.storyboardc/MeController.nib ... 
2017-12-05 06:19:50 +0000  1069 bytes for ./Payload/HYC.app/Base.lproj/Main.storyboardc/MeController.nib
copying file ./Payload/HYC.app/Base.lproj/Main.storyboardc/TabbarController.nib ... 
2017-12-05 06:19:50 +0000  4568 bytes for ./Payload/HYC.app/Base.lproj/Main.storyboardc/TabbarController.nib
copying file ./Payload/HYC.app/Base.lproj/Main.storyboardc/DoorController.nib ... 
2017-12-05 06:19:50 +0000  1071 bytes for ./Payload/HYC.app/Base.lproj/Main.storyboardc/DoorController.nib
copying file ./Payload/HYC.app/Base.lproj/Main.storyboardc/HomeViewController.nib ... 
2017-12-05 06:19:50 +0000  807 bytes for ./Payload/HYC.app/Base.lproj/Main.storyboardc/HomeViewController.nib
2017-12-05 06:19:50 +0000  copying file ./Payload/HYC.app/Base.lproj/Main.storyboardc/sze-Af-rFK-view-7yw-gY-7Dn.nib ... 
2017-12-05 06:19:50 +0000  2835 bytes for ./Payload/HYC.app/Base.lproj/Main.storyboardc/sze-Af-rFK-view-7yw-gY-7Dn.nib
copying file ./Payload/HYC.app/Base.lproj/Main.storyboardc/FindController.nib ... 
2017-12-05 06:19:50 +0000  1071 bytes for ./Payload/HYC.app/Base.lproj/Main.storyboardc/FindController.nib
copying file ./Payload/HYC.app/Base.lproj/Main.storyboardc/hIe-cc-4pv-view-QxA-8G-OAU.nib ... 
2017-12-05 06:19:50 +0000  5502 bytes for ./Payload/HYC.app/Base.lproj/Main.storyboardc/hIe-cc-4pv-view-QxA-8G-OAU.nib
copying file ./Payload/HYC.app/Base.lproj/Main.storyboardc/Info.plist ... 
2017-12-05 06:19:50 +0000  562 bytes for ./Payload/HYC.app/Base.lproj/Main.storyboardc/Info.plist
copying file ./Payload/HYC.app/Base.lproj/Main.storyboardc/Vfm-Jl-fOF-view-QOn-oh-Fxo.nib ... 
2017-12-05 06:19:50 +0000  2789 bytes for ./Payload/HYC.app/Base.lproj/Main.storyboardc/Vfm-Jl-fOF-view-QOn-oh-Fxo.nib
copying file ./Payload/HYC.app/Base.lproj/LaunchScreen.storyboardc/01J-lp-oVM-view-Ze5-6b-2t3.nib ... 
2017-12-05 06:19:50 +0000  1791 bytes for ./Payload/HYC.app/Base.lproj/LaunchScreen.storyboardc/01J-lp-oVM-view-Ze5-6b-2t3.nib
copying file ./Payload/HYC.app/Base.lproj/LaunchScreen.storyboardc/UIViewController-01J-lp-oVM.nib ... 
2017-12-05 06:19:50 +0000  832 bytes for ./Payload/HYC.app/Base.lproj/LaunchScreen.storyboardc/UIViewController-01J-lp-oVM.nib
copying file ./Payload/HYC.app/Base.lproj/LaunchScreen.storyboardc/Info.plist ... 
258 bytes for ./Payload/HYC.app/Base.lproj/LaunchScreen.storyboardc/Info.plist
2017-12-05 06:19:50 +0000  copying file ./Payload/HYC.app/LoginController.nib ... 
2017-12-05 06:19:50 +0000  6405 bytes for ./Payload/HYC.app/LoginController.nib
copying file ./Payload/HYC.app/CarDetailHeadCell.nib ... 
2017-12-05 06:19:50 +0000  1861 bytes for ./Payload/HYC.app/CarDetailHeadCell.nib
copying file ./Payload/HYC.app/NewChangeHeadCell.nib ... 
2017-12-05 06:19:50 +0000  3470 bytes for ./Payload/HYC.app/NewChangeHeadCell.nib
copying file ./Payload/HYC.app/HomeoneCell.nib ... 
2017-12-05 06:19:50 +0000  17880 bytes for ./Payload/HYC.app/HomeoneCell.nib
copying file ./Payload/HYC.app/InvitedCell.nib ... 
2017-12-05 06:19:50 +0000  5002 bytes for ./Payload/HYC.app/InvitedCell.nib
copying file ./Payload/HYC.app/archived-expanded-entitlements.xcent ... 
2017-12-05 06:19:50 +0000  246 bytes for ./Payload/HYC.app/archived-expanded-entitlements.xcent
copying file ./Payload/HYC.app/Home.storyboardc/AddCarController.nib ... 
1025 bytes for ./Payload/HYC.app/Home.storyboardc/AddCarController.nib
copying file ./Payload/HYC.app/Home.storyboardc/HomeViewController.nib ... 
2017-12-05 06:19:50 +0000  997 bytes for ./Payload/HYC.app/Home.storyboardc/HomeViewController.nib
copying file ./Payload/HYC.app/Home.storyboardc/cwT-i7-UlB-view-9q1-ff-gld.nib ... 
2017-12-05 06:19:50 +0000  7460 bytes for ./Payload/HYC.app/Home.storyboardc/cwT-i7-UlB-view-9q1-ff-gld.nib
copying file ./Payload/HYC.app/Home.storyboardc/Info.plist ... 
2017-12-05 06:19:50 +0000  203 bytes for ./Payload/HYC.app/Home.storyboardc/Info.plist
copying file ./Payload/HYC.app/Home.storyboardc/NoK-9J-elu-view-QAa-dB-RQe.nib ... 
2017-12-05 06:19:50 +0000  1791 bytes for ./Payload/HYC.app/Home.storyboardc/NoK-9J-elu-view-QAa-dB-RQe.nib
copying file ./Payload/HYC.app/Brand Assets@2x.png ... 
2017-12-05 06:19:50 +0000  262749 bytes for ./Payload/HYC.app/Brand Assets@2x.png
copying file ./Payload/HYC.app/FindCell.nib ... 
2017-12-05 06:19:50 +0000  6304 bytes for ./Payload/HYC.app/FindCell.nib
copying file ./Payload/HYC.app/btn_original_circle@3x.png ... 
2017-12-05 06:19:50 +0000  2551 bytes for ./Payload/HYC.app/btn_original_circle@3x.png
copying file ./Payload/HYC.app/NewDetailController.nib ... 
2017-12-05 06:19:50 +0000  4110 bytes for ./Payload/HYC.app/NewDetailController.nib
2017-12-05 06:19:50 +0000  copying file ./Payload/HYC.app/ChongTwoCell.nib ... 
2017-12-05 06:19:50 +0000  4820 bytes for ./Payload/HYC.app/ChongTwoCell.nib
copying file ./Payload/HYC.app/CaeDetailCell.nib ... 
2017-12-05 06:19:50 +0000  3295 bytes for ./Payload/HYC.app/CaeDetailCell.nib
2017-12-05 06:19:50 +0000  copying file ./Payload/HYC.app/btn_circle@2x.png ... 
1066 bytes for ./Payload/HYC.app/btn_circle@2x.png
copying file ./Payload/HYC.app/Assets.car ... 
2017-12-05 06:19:51 +0000  23190504 bytes for ./Payload/HYC.app/Assets.car
copying file ./Payload/HYC.app/Brand Assets-568h@2x.png ... 
2017-12-05 06:19:51 +0000  288869 bytes for ./Payload/HYC.app/Brand Assets-568h@2x.png
copying file ./Payload/HYC.app/NewCarCell.nib ... 
2017-12-05 06:19:51 +0000  17911 bytes for ./Payload/HYC.app/NewCarCell.nib
copying file ./Payload/HYC.app/CarNameOneCell.nib ... 
2017-12-05 06:19:51 +0000  1392 bytes for ./Payload/HYC.app/CarNameOneCell.nib
copying file ./Payload/HYC.app/MyteamCell.nib ... 
2017-12-05 06:19:51 +0000  3137 bytes for ./Payload/HYC.app/MyteamCell.nib
copying file ./Payload/HYC.app/RegistController.nib ... 
2017-12-05 06:19:51 +0000  8563 bytes for ./Payload/HYC.app/RegistController.nib
copying file ./Payload/HYC.app/btn_circle@3x.png ... 
2017-12-05 06:19:51 +0000  3921 bytes for ./Payload/HYC.app/btn_circle@3x.png
copying file ./Payload/HYC.app/CarOneCell.nib ... 
2017-12-05 06:19:51 +0000  3331 bytes for ./Payload/HYC.app/CarOneCell.nib
copying file ./Payload/HYC.app/HomeTwoCell.nib ... 
2017-12-05 06:19:51 +0000  2451 bytes for ./Payload/HYC.app/HomeTwoCell.nib
copying file ./Payload/HYC.app/ForgetController.nib ... 
2017-12-05 06:19:51 +0000  6836 bytes for ./Payload/HYC.app/ForgetController.nib
copying file ./Payload/HYC.app/btn_original_circle@2x.png ... 
2017-12-05 06:19:51 +0000  1455 bytes for ./Payload/HYC.app/btn_original_circle@2x.png
copying file ./Payload/HYC.app/TuCell.nib ... 
2017-12-05 06:19:51 +0000  3175 bytes for ./Payload/HYC.app/TuCell.nib
copying file ./Payload/HYC.app/DaTuController.nib ... 
2017-12-05 06:19:51 +0000  1614 bytes for ./Payload/HYC.app/DaTuController.nib
copying file ./Payload/HYC.app/SafeTwoCell.nib ... 
2017-12-05 06:19:51 +0000  3869 bytes for ./Payload/HYC.app/SafeTwoCell.nib
copying file ./Payload/HYC.app/DoorCell.nib ... 
2017-12-05 06:19:51 +0000  7437 bytes for ./Payload/HYC.app/DoorCell.nib
copying file ./Payload/HYC.app/NewsCell.nib ... 
2017-12-05 06:19:51 +0000  4162 bytes for ./Payload/HYC.app/NewsCell.nib
2017-12-05 06:19:51 +0000  copying file ./Payload/HYC.app/btn_unselected.png ... 
3244 bytes for ./Payload/HYC.app/btn_unselected.png
copying file ./Payload/HYC.app/InfoTwoCell.nib ... 
2017-12-05 06:19:51 +0000  3817 bytes for ./Payload/HYC.app/InfoTwoCell.nib
2017-12-05 06:19:51 +0000  copying file ./Payload/HYC.app/Brand Assets.png ... 
2017-12-05 06:19:51 +0000  86247 bytes for ./Payload/HYC.app/Brand Assets.png
copying file ./Payload/HYC.app/FindDetailController.nib ... 
2017-12-05 06:19:51 +0000  2118 bytes for ./Payload/HYC.app/FindDetailController.nib
copying file ./Payload/HYC.app/Brand Assets-700-568h@2x.png ... 
2017-12-05 06:19:51 +0000  288869 bytes for ./Payload/HYC.app/Brand Assets-700-568h@2x.png
2017-12-05 06:19:51 +0000  copying file ./Payload/HYC.app/btn_selected@3x.png ... 
4276 bytes for ./Payload/HYC.app/btn_selected@3x.png
copying file ./Payload/HYC.app/embedded.mobileprovision ... 
2017-12-05 06:19:51 +0000  8046 bytes for ./Payload/HYC.app/embedded.mobileprovision
copying file ./Payload/HYC.app/btn_selected@2x.png ... 
2017-12-05 06:19:51 +0000  3777 bytes for ./Payload/HYC.app/btn_selected@2x.png
copying file ./Payload/HYC.app/InfoThreeCell.nib ... 
2017-12-05 06:19:51 +0000  4200 bytes for ./Payload/HYC.app/InfoThreeCell.nib
copying file ./Payload/HYC.app/ShopDetailOneCell.nib ... 
2017-12-05 06:19:51 +0000  7170 bytes for ./Payload/HYC.app/ShopDetailOneCell.nib
2017-12-05 06:19:51 +0000  copying file ./Payload/HYC.app/MyBaseController.nib ... 
2118 bytes for ./Payload/HYC.app/MyBaseController.nib
copying file ./Payload/HYC.app/Info.plist ... 
2017-12-05 06:19:51 +0000  3013 bytes for ./Payload/HYC.app/Info.plist
copying file ./Payload/HYC.app/PkgInfo ... 
2017-12-05 06:19:51 +0000  8 bytes for ./Payload/HYC.app/PkgInfo
copying file ./Payload/HYC.app/ZhifuOneCell.nib ... 
2017-12-05 06:19:51 +0000  4962 bytes for ./Payload/HYC.app/ZhifuOneCell.nib
copying file ./Payload/HYC.app/SafeFlowController.nib ... 
2017-12-05 06:19:51 +0000  6780 bytes for ./Payload/HYC.app/SafeFlowController.nib
copying file ./Payload/HYC.app/TupianController.nib ... 
2017-12-05 06:19:51 +0000  6973 bytes for ./Payload/HYC.app/TupianController.nib
2017-12-05 06:19:51 +0000  2017-12-05 06:19:51 +0000  

2017-12-05 06:19:51 +0000  /usr/bin/ditto exited with 0
2017-12-05 06:19:51 +0000  
2017-12-05 06:19:51 +0000  Processing step: IDEDistributionCreateManifestStep
